# JRE version: OpenJDK Runtime Environment (11.0.8+10) (build 11.0.8+10-b944.6842174)
# Java VM: OpenJDK 64-Bit Server VM (11.0.8+10-b944.6842174, mixed mode, tiered, compressed oops, g1 gc, windows-amd64)
Heap:
 garbage-first heap   total 473088K, used 379336K [0x00000000a0000000, 0x0000000100000000)
  region size 1024K, 67 young (68608K), 5 survivors (5120K)
 Metaspace       used 184470K, capacity 189545K, committed 189824K, reserved 1214464K
  class space    used 23030K, capacity 24910K, committed 24960K, reserved 1048576K
GC Heap History (20 events):
Event: 294.039 GC heap before
{Heap before GC invocations=90 (full 0):
 garbage-first heap   total 378880K, used 269955K [0x00000000a0000000, 0x0000000100000000)
  region size 1024K, 89 young (91136K), 11 survivors (11264K)
 Metaspace       used 170205K, capacity 174510K, committed 174720K, reserved 1202176K
  class space    used 21337K, capacity 22886K, committed 22912K, reserved 1048576K
}
Event: 294.122 GC heap after
{Heap after GC invocations=91 (full 0):
 garbage-first heap   total 378880K, used 206848K [0x00000000a0000000, 0x0000000100000000)
  region size 1024K, 12 young (12288K), 12 survivors (12288K)
 Metaspace       used 170205K, capacity 174510K, committed 174720K, reserved 1202176K
  class space    used 21337K, capacity 22886K, committed 22912K, reserved 1048576K
}
Event: 295.455 GC heap before
{Heap before GC invocations=91 (full 0):
 garbage-first heap   total 378880K, used 281600K [0x00000000a0000000, 0x0000000100000000)
  region size 1024K, 85 young (87040K), 12 survivors (12288K)
 Metaspace       used 173842K, capacity 178274K, committed 178432K, reserved 1204224K
  class space    used 21850K, capacity 23428K, committed 23552K, reserved 1048576K
}
Event: 295.488 GC heap after
{Heap after GC invocations=92 (full 0):
 garbage-first heap   total 378880K, used 216206K [0x00000000a0000000, 0x0000000100000000)
  region size 1024K, 8 young (8192K), 8 survivors (8192K)
 Metaspace       used 173842K, capacity 178274K, committed 178432K, reserved 1204224K
  class space    used 21850K, capacity 23428K, committed 23552K, reserved 1048576K
}
Event: 296.390 GC heap before
{Heap before GC invocations=92 (full 0):
 garbage-first heap   total 378880K, used 290958K [0x00000000a0000000, 0x0000000100000000)
  region size 1024K, 81 young (82944K), 8 survivors (8192K)
 Metaspace       used 178291K, capacity 183205K, committed 183296K, reserved 1208320K
  class space    used 22497K, capacity 24307K, committed 24320K, reserved 1048576K
}
Event: 296.413 GC heap after
{Heap after GC invocations=93 (full 0):
 garbage-first heap   total 378880K, used 216451K [0x00000000a0000000, 0x0000000100000000)
  region size 1024K, 3 young (3072K), 3 survivors (3072K)
 Metaspace       used 178291K, capacity 183205K, committed 183296K, reserved 1208320K
  class space    used 22497K, capacity 24307K, committed 24320K, reserved 1048576K
}
Event: 296.861 GC heap before
{Heap before GC invocations=93 (full 0):
 garbage-first heap   total 378880K, used 294275K [0x00000000a0000000, 0x0000000100000000)
  region size 1024K, 79 young (80896K), 3 survivors (3072K)
 Metaspace       used 178959K, capacity 183871K, committed 184192K, reserved 1208320K
  class space    used 22547K, capacity 24376K, committed 24448K, reserved 1048576K
}
Event: 296.868 GC heap after
{Heap after GC invocations=94 (full 0):
 garbage-first heap   total 378880K, used 216089K [0x00000000a0000000, 0x0000000100000000)
  region size 1024K, 3 young (3072K), 3 survivors (3072K)
 Metaspace       used 178959K, capacity 183871K, committed 184192K, reserved 1208320K
  class space    used 22547K, capacity 24376K, committed 24448K, reserved 1048576K
}
Event: 297.800 GC heap before
{Heap before GC invocations=95 (full 0):
 garbage-first heap   total 378880K, used 295961K [0x00000000a0000000, 0x0000000100000000)
  region size 1024K, 83 young (84992K), 3 survivors (3072K)
 Metaspace       used 179665K, capacity 184609K, committed 184960K, reserved 1210368K
  class space    used 22543K, capacity 24347K, committed 24448K, reserved 1048576K
}
Event: 297.809 GC heap after
{Heap after GC invocations=96 (full 0):
 garbage-first heap   total 378880K, used 214292K [0x00000000a0000000, 0x0000000100000000)
  region size 1024K, 3 young (3072K), 3 survivors (3072K)
 Metaspace       used 179665K, capacity 184609K, committed 184960K, reserved 1210368K
  class space    used 22543K, capacity 24347K, committed 24448K, reserved 1048576K
}
Event: 297.857 GC heap before
{Heap before GC invocations=96 (full 0):
 garbage-first heap   total 378880K, used 229652K [0x00000000a0000000, 0x0000000100000000)
  region size 1024K, 18 young (18432K), 3 survivors (3072K)
 Metaspace       used 179694K, capacity 184610K, committed 184960K, reserved 1210368K
  class space    used 22543K, capacity 24347K, committed 24448K, reserved 1048576K
}
Event: 297.895 GC heap after
{Heap after GC invocations=97 (full 0):
 garbage-first heap   total 378880K, used 190326K [0x00000000a0000000, 0x0000000100000000)
  region size 1024K, 2 young (2048K), 2 survivors (2048K)
 Metaspace       used 179694K, capacity 184610K, committed 184960K, reserved 1210368K
  class space    used 22543K, capacity 24347K, committed 24448K, reserved 1048576K
}
Event: 297.954 GC heap before
{Heap before GC invocations=97 (full 0):
 garbage-first heap   total 378880K, used 206710K [0x00000000a0000000, 0x0000000100000000)
  region size 1024K, 18 young (18432K), 2 survivors (2048K)
 Metaspace       used 179699K, capacity 184610K, committed 184960K, reserved 1210368K
  class space    used 22543K, capacity 24347K, committed 24448K, reserved 1048576K
}
Event: 298.000 GC heap after
{Heap after GC invocations=98 (full 0):
 garbage-first heap   total 473088K, used 187077K [0x00000000a0000000, 0x0000000100000000)
  region size 1024K, 2 young (2048K), 2 survivors (2048K)
 Metaspace       used 179699K, capacity 184610K, committed 184960K, reserved 1210368K
  class space    used 22543K, capacity 24347K, committed 24448K, reserved 1048576K
}
Event: 299.399 GC heap before
{Heap before GC invocations=98 (full 0):
 garbage-first heap   total 473088K, used 324293K [0x00000000a0000000, 0x0000000100000000)
  region size 1024K, 136 young (139264K), 2 survivors (2048K)
 Metaspace       used 180024K, capacity 184967K, committed 185216K, reserved 1210368K
  class space    used 22545K, capacity 24351K, committed 24448K, reserved 1048576K
}
Event: 299.409 GC heap after
{Heap after GC invocations=99 (full 0):
 garbage-first heap   total 473088K, used 187848K [0x00000000a0000000, 0x0000000100000000)
  region size 1024K, 2 young (2048K), 2 survivors (2048K)
 Metaspace       used 180024K, capacity 184967K, committed 185216K, reserved 1210368K
  class space    used 22545K, capacity 24351K, committed 24448K, reserved 1048576K
}
Event: 301.582 GC heap before
{Heap before GC invocations=99 (full 0):
 garbage-first heap   total 473088K, used 328136K [0x00000000a0000000, 0x0000000100000000)
  region size 1024K, 125 young (128000K), 2 survivors (2048K)
 Metaspace       used 183550K, capacity 188729K, committed 189056K, reserved 1214464K
  class space    used 22951K, capacity 24856K, committed 24960K, reserved 1048576K
}
Event: 301.598 GC heap after
{Heap after GC invocations=100 (full 0):
 garbage-first heap   total 473088K, used 205657K [0x00000000a0000000, 0x0000000100000000)
  region size 1024K, 5 young (5120K), 5 survivors (5120K)
 Metaspace       used 183550K, capacity 188729K, committed 189056K, reserved 1214464K
  class space    used 22951K, capacity 24856K, committed 24960K, reserved 1048576K
}
Event: 304.072 GC heap before
{Heap before GC invocations=101 (full 0):
 garbage-first heap   total 473088K, used 286553K [0x00000000a0000000, 0x0000000100000000)
  region size 1024K, 13 young (13312K), 5 survivors (5120K)
 Metaspace       used 183828K, capacity 188926K, committed 189312K, reserved 1214464K
  class space    used 22946K, capacity 24827K, committed 24960K, reserved 1048576K
}
Event: 304.080 GC heap after
{Heap after GC invocations=102 (full 0):
 garbage-first heap   total 473088K, used 281032K [0x00000000a0000000, 0x0000000100000000)
  region size 1024K, 5 young (5120K), 5 survivors (5120K)
 Metaspace       used 183828K, capacity 188926K, committed 189312K, reserved 1214464K
  class space    used 22946K, capacity 24827K, committed 24960K, reserved 1048576K
}

